<?xml version="1.0" encoding="UTF-8"?>
<coverage generated="1590562410335" clover="3.2.0">
  <project timestamp="1590562410335" name="All files">
    <metrics statements="27" coveredstatements="23" conditionals="6" coveredconditionals="3" methods="5" coveredmethods="5" elements="38" coveredelements="31" complexity="0" loc="27" ncloc="27" packages="1" files="1" classes="1"/>
    <file name="linked-list.js" path="/mnt/c/Users/STD/codefellows/401/data-structures-and-algorithms/linkedList/linked-list.js">
      <metrics statements="27" coveredstatements="23" conditionals="6" coveredconditionals="3" methods="5" coveredmethods="5"/>
      <line num="5" count="5" type="stmt"/>
      <line num="6" count="5" type="stmt"/>
      <line num="13" count="4" type="stmt"/>
      <line num="17" count="5" type="stmt"/>
      <line num="19" count="5" type="cond" truecount="2" falsecount="0"/>
      <line num="20" count="3" type="stmt"/>
      <line num="21" count="3" type="stmt"/>
      <line num="23" count="2" type="stmt"/>
      <line num="24" count="2" type="stmt"/>
      <line num="25" count="1" type="stmt"/>
      <line num="27" count="2" type="stmt"/>
      <line num="31" count="1" type="stmt"/>
      <line num="33" count="1" type="stmt"/>
      <line num="35" count="0" type="cond" truecount="0" falsecount="2"/>
      <line num="36" count="0" type="stmt"/>
      <line num="38" count="0" type="stmt"/>
      <line num="41" count="1" type="cond" truecount="1" falsecount="1"/>
      <line num="42" count="1" type="stmt"/>
      <line num="45" count="0" type="stmt"/>
      <line num="49" count="1" type="stmt"/>
      <line num="50" count="1" type="stmt"/>
      <line num="51" count="1" type="stmt"/>
      <line num="52" count="2" type="stmt"/>
      <line num="53" count="2" type="stmt"/>
      <line num="55" count="1" type="stmt"/>
      <line num="56" count="1" type="stmt"/>
      <line num="62" count="1" type="stmt"/>
    </file>
  </project>
</coverage>
