{"/mnt/c/Users/STD/codefellows/401/data-structures-and-algorithms/repeatedWord/repeatedWord.js": {"path":"/mnt/c/Users/STD/codefellows/401/data-structures-and-algorithms/repeatedWord/repeatedWord.js","statementMap":{"0":{"start":{"line":2,"column":15},"end":{"line":2,"column":17}},"1":{"start":{"line":3,"column":14},"end":{"line":3,"column":42}},"2":{"start":{"line":5,"column":4},"end":{"line":12,"column":5}},"3":{"start":{"line":5,"column":14},"end":{"line":5,"column":15}},"4":{"start":{"line":6,"column":6},"end":{"line":11,"column":5}},"5":{"start":{"line":7,"column":8},"end":{"line":7,"column":22}},"6":{"start":{"line":10,"column":8},"end":{"line":10,"column":28}},"7":{"start":{"line":13,"column":4},"end":{"line":13,"column":27}},"8":{"start":{"line":16,"column":2},"end":{"line":16,"column":32}}},"fnMap":{"0":{"name":"repeatedWord","decl":{"start":{"line":1,"column":9},"end":{"line":1,"column":21}},"loc":{"start":{"line":1,"column":26},"end":{"line":14,"column":3}},"line":1}},"branchMap":{"0":{"loc":{"start":{"line":6,"column":6},"end":{"line":11,"column":5}},"type":"if","locations":[{"start":{"line":6,"column":6},"end":{"line":11,"column":5}},{"start":{"line":6,"column":6},"end":{"line":11,"column":5}}],"line":6}},"s":{"0":3,"1":3,"2":3,"3":3,"4":21,"5":2,"6":19,"7":1,"8":1},"f":{"0":3},"b":{"0":[2,19]},"_coverageSchema":"1a1c01bbd47fc00a2c39e90264f33305004495a9","hash":"6c58087f4d95c1d4b2d08c803a0b460759485d06"}
}
