{"/mnt/c/Users/STD/codefellows/401/data-structures-and-algorithms/selectionSort/selectionSort.js": {"path":"/mnt/c/Users/STD/codefellows/401/data-structures-and-algorithms/selectionSort/selectionSort.js","statementMap":{"0":{"start":{"line":4,"column":12},"end":{"line":4,"column":22}},"1":{"start":{"line":5,"column":4},"end":{"line":14,"column":5}},"2":{"start":{"line":5,"column":17},"end":{"line":5,"column":18}},"3":{"start":{"line":6,"column":18},"end":{"line":6,"column":19}},"4":{"start":{"line":7,"column":8},"end":{"line":10,"column":9}},"5":{"start":{"line":7,"column":21},"end":{"line":7,"column":26}},"6":{"start":{"line":8,"column":12},"end":{"line":9,"column":24}},"7":{"start":{"line":9,"column":16},"end":{"line":9,"column":24}},"8":{"start":{"line":11,"column":19},"end":{"line":11,"column":27}},"9":{"start":{"line":12,"column":8},"end":{"line":12,"column":26}},"10":{"start":{"line":13,"column":8},"end":{"line":13,"column":22}},"11":{"start":{"line":15,"column":4},"end":{"line":15,"column":15}},"12":{"start":{"line":18,"column":0},"end":{"line":18,"column":45}}},"fnMap":{"0":{"name":"SelectionSort","decl":{"start":{"line":3,"column":9},"end":{"line":3,"column":22}},"loc":{"start":{"line":3,"column":28},"end":{"line":16,"column":1}},"line":3}},"branchMap":{"0":{"loc":{"start":{"line":8,"column":12},"end":{"line":9,"column":24}},"type":"if","locations":[{"start":{"line":8,"column":12},"end":{"line":9,"column":24}},{"start":{"line":8,"column":12},"end":{"line":9,"column":24}}],"line":8}},"s":{"0":2,"1":2,"2":2,"3":10,"4":10,"5":10,"6":40,"7":10,"8":10,"9":10,"10":10,"11":2,"12":1},"f":{"0":2},"b":{"0":[10,30]},"_coverageSchema":"1a1c01bbd47fc00a2c39e90264f33305004495a9","hash":"2a25c3bb2214abc0fcff8e9bb44289a798432cdb"}
}
