TN:
SF:linkedList/linked-list.js
FN:4,(anonymous_0)
FN:13,(anonymous_1)
FN:19,(anonymous_2)
FN:32,(anonymous_3)
FN:51,(anonymous_4)
FN:64,(anonymous_5)
FN:79,(anonymous_6)
FN:96,(anonymous_7)
FNF:8
FNH:8
FNDA:16,(anonymous_0)
FNDA:7,(anonymous_1)
FNDA:14,(anonymous_2)
FNDA:1,(anonymous_3)
FNDA:3,(anonymous_4)
FNDA:1,(anonymous_5)
FNDA:1,(anonymous_6)
FNDA:4,(anonymous_7)
DA:5,16
DA:6,16
DA:7,16
DA:14,7
DA:15,7
DA:16,7
DA:20,14
DA:21,14
DA:22,14
DA:23,6
DA:25,8
DA:26,8
DA:28,14
DA:29,14
DA:33,1
DA:35,1
DA:37,0
DA:39,0
DA:41,0
DA:44,1
DA:45,1
DA:48,0
DA:52,3
DA:53,3
DA:54,3
DA:55,8
DA:56,8
DA:58,3
DA:59,3
DA:65,1
DA:66,1
DA:67,0
DA:68,0
DA:70,1
DA:71,1
DA:72,0
DA:74,1
DA:75,1
DA:76,1
DA:80,1
DA:81,1
DA:82,0
DA:83,0
DA:85,1
DA:86,1
DA:87,0
DA:89,1
DA:90,1
DA:91,1
DA:92,1
DA:93,1
DA:97,4
DA:98,4
DA:99,4
DA:100,3
DA:101,3
DA:102,3
DA:104,3
DA:107,1
DA:114,1
LF:60
LH:50
BRDA:22,0,0,6
BRDA:22,0,1,8
BRDA:37,1,0,0
BRDA:37,1,1,0
BRDA:44,2,0,1
BRDA:44,2,1,0
BRDA:66,3,0,0
BRDA:66,3,1,1
BRDA:71,4,0,1
BRDA:71,4,1,1
BRDA:81,5,0,0
BRDA:81,5,1,1
BRDA:86,6,0,1
BRDA:86,6,1,1
BRDA:99,7,0,3
BRDA:99,7,1,1
BRF:16
BRH:11
end_of_record
