TN:
SF:linkedList/linked-list.js
FN:4,(anonymous_0)
FN:13,(anonymous_1)
FN:19,(anonymous_2)
FN:32,(anonymous_3)
FN:51,(anonymous_4)
FN:64,(anonymous_5)
FN:79,(anonymous_6)
FN:96,(anonymous_7)
FNF:8
FNH:4
FNDA:28,(anonymous_0)
FNDA:8,(anonymous_1)
FNDA:28,(anonymous_2)
FNDA:0,(anonymous_3)
FNDA:2,(anonymous_4)
FNDA:0,(anonymous_5)
FNDA:0,(anonymous_6)
FNDA:0,(anonymous_7)
DA:5,28
DA:6,28
DA:7,28
DA:14,8
DA:15,8
DA:16,8
DA:20,28
DA:21,28
DA:22,28
DA:23,6
DA:25,22
DA:26,22
DA:28,28
DA:29,28
DA:33,0
DA:35,0
DA:37,0
DA:39,0
DA:41,0
DA:44,0
DA:45,0
DA:48,0
DA:52,2
DA:53,2
DA:54,2
DA:55,12
DA:56,12
DA:58,2
DA:59,2
DA:65,0
DA:66,0
DA:67,0
DA:68,0
DA:70,0
DA:71,0
DA:72,0
DA:74,0
DA:75,0
DA:76,0
DA:80,0
DA:81,0
DA:82,0
DA:83,0
DA:85,0
DA:86,0
DA:87,0
DA:89,0
DA:90,0
DA:91,0
DA:92,0
DA:93,0
DA:97,0
DA:98,0
DA:99,0
DA:100,0
DA:101,0
DA:102,0
DA:104,0
DA:107,0
DA:114,1
LF:60
LH:22
BRDA:22,0,0,6
BRDA:22,0,1,22
BRDA:37,1,0,0
BRDA:37,1,1,0
BRDA:44,2,0,0
BRDA:44,2,1,0
BRDA:66,3,0,0
BRDA:66,3,1,0
BRDA:71,4,0,0
BRDA:71,4,1,0
BRDA:81,5,0,0
BRDA:81,5,1,0
BRDA:86,6,0,0
BRDA:86,6,1,0
BRDA:99,7,0,0
BRDA:99,7,1,0
BRF:16
BRH:2
end_of_record
TN:
SF:llMerge/ll-merge.js
FN:5,mergeLists
FNF:1
FNH:1
FNDA:2,mergeLists
DA:3,1
DA:6,2
DA:7,2
DA:8,2
DA:9,2
DA:10,8
DA:11,6
DA:12,6
DA:14,8
DA:15,8
DA:16,8
DA:19,2
DA:20,2
DA:24,1
LF:14
LH:14
BRDA:9,0,0,10
BRDA:9,0,1,4
BRDA:10,1,0,6
BRDA:10,1,1,2
BRDA:14,2,0,8
BRDA:14,2,1,0
BRF:6
BRH:5
end_of_record
